2022-12-17 15:05:25,931 INFO  [Log] ********************************** 
2022-12-17 15:05:25,931 INFO  [Log] ***************************************** 
2022-12-17 15:05:25,935 INFO  [Log] ############   My first test case is Login test ################ 
2022-12-17 15:05:25,935 INFO  [Log] ********************************** 
2022-12-17 15:05:25,935 INFO  [Log] ***************************************** 
2022-12-17 15:05:25,935 INFO  [Log] My login test is going on 
2022-12-17 15:05:25,935 INFO  [Log] My test case might be failed 
2022-12-17 15:05:28,913 INFO  [Log] My test case is about to complete 
2022-12-17 15:05:28,913 INFO  [Log] ################################## 
2022-12-17 15:05:28,914 INFO  [Log] ########################################## 
2022-12-17 15:05:28,914 INFO  [Log] ############   This is my login test again ################ 
2022-12-17 15:05:28,914 INFO  [Log] ########################## 
2022-12-17 15:05:28,914 INFO  [Log] ########################################## 
2022-12-17 15:15:49,598 INFO  [Log] ********************************** 
2022-12-17 15:15:49,599 INFO  [Log] ***************************************** 
2022-12-17 15:15:49,605 INFO  [Log] ############   My first test case is Login test ################ 
2022-12-17 15:15:49,605 INFO  [Log] ********************************** 
2022-12-17 15:15:49,605 INFO  [Log] ***************************************** 
2022-12-17 15:15:49,606 INFO  [Log] My login test is going on 
2022-12-17 15:15:49,606 INFO  [Log] My test case might be failed 
2022-12-17 15:15:52,365 INFO  [Log] My test case is about to complete 
2022-12-17 15:15:52,365 INFO  [Log] ################################## 
2022-12-17 15:15:52,365 INFO  [Log] ########################################## 
2022-12-17 15:15:52,365 INFO  [Log] ############   This is my login test again ################ 
2022-12-17 15:15:52,365 INFO  [Log] ########################## 
2022-12-17 15:15:52,365 INFO  [Log] ########################################## 
2022-12-17 15:17:36,707 INFO  [Log] ********************************** 
2022-12-17 15:17:36,708 INFO  [Log] ***************************************** 
2022-12-17 15:17:36,714 INFO  [Log] ############   My first test case is Login test ################ 
2022-12-17 15:17:36,714 INFO  [Log] ********************************** 
2022-12-17 15:17:36,714 INFO  [Log] ***************************************** 
2022-12-17 15:17:36,714 INFO  [Log] My login test is going on 
2022-12-17 15:17:36,715 INFO  [Log] My test case might be failed 
2022-12-17 15:17:39,831 INFO  [Log] My test case is about to complete 
2022-12-17 15:17:39,831 INFO  [Log] ################################## 
2022-12-17 15:17:39,831 INFO  [Log] ########################################## 
2022-12-17 15:17:39,832 INFO  [Log] ############   This is my login test again ################ 
2022-12-17 15:17:39,832 INFO  [Log] ########################## 
2022-12-17 15:17:39,832 INFO  [Log] ########################################## 
2022-12-24 17:23:34,508 INFO  [Log] ********************************** 
2022-12-24 17:23:34,509 INFO  [Log] ***************************************** 
2022-12-24 17:23:34,517 INFO  [Log] ############   My first test case is Login test ################ 
2022-12-24 17:23:34,517 INFO  [Log] ********************************** 
2022-12-24 17:23:34,517 INFO  [Log] ***************************************** 
2022-12-24 17:23:34,517 INFO  [Log] My login test is going on 
2022-12-24 17:23:34,517 INFO  [Log] My test case might be failed 
2022-12-24 17:23:38,603 INFO  [Log] My test case is about to complete 
2022-12-24 17:23:38,604 INFO  [Log] ################################## 
2022-12-24 17:23:38,663 INFO  [Log] ########################################## 
2022-12-24 17:23:38,663 INFO  [Log] ############   This is my login test again ################ 
2022-12-24 17:23:38,665 INFO  [Log] ########################## 
2022-12-24 17:23:38,665 INFO  [Log] ########################################## 
2022-12-24 17:51:43,418 INFO  [Log] ********************************** 
2022-12-24 17:51:43,419 INFO  [Log] ***************************************** 
2022-12-24 17:51:43,422 INFO  [Log] ############   My first test case is Login test ################ 
2022-12-24 17:51:43,422 INFO  [Log] ********************************** 
2022-12-24 17:51:43,423 INFO  [Log] ***************************************** 
2022-12-24 17:51:43,423 INFO  [Log] My login test is going on 
2022-12-24 17:51:43,423 INFO  [Log] My test case might be failed 
2022-12-24 17:51:46,800 INFO  [Log] My test case is about to complete 
2022-12-24 17:51:46,800 INFO  [Log] ################################## 
2022-12-24 17:51:46,800 INFO  [Log] ########################################## 
2022-12-24 17:51:46,800 INFO  [Log] ############   This is my login test again ################ 
2022-12-24 17:51:46,801 INFO  [Log] ########################## 
2022-12-24 17:51:46,801 INFO  [Log] ########################################## 
